<?xml version="1.0" encoding="UTF-8"?>
<!-- Generated by org.testng.reporters.JUnitReportReporter -->
<testsuite skipped="6" hostname="DESKTOP-U6EFAKA" name="com.MailinatorTest.MailinatorTest.EmailTest" tests="7" failures="0" timestamp="2020-05-16T00:26:12 PKT" time="6.039" errors="0">
  <testcase name="GetAPIcall" time="6.039" classname="com.MailinatorTest.MailinatorTest.EmailTest"/>
  <testcase name="APITestData2" classname="com.MailinatorTest.MailinatorTest.EmailTest">
    <skipped/>
  </testcase> <!-- APITestData2 -->
  <testcase name="EmailTestCase" classname="com.MailinatorTest.MailinatorTest.EmailTest">
    <skipped/>
  </testcase> <!-- EmailTestCase -->
  <testcase name="amazonTestCase" classname="com.MailinatorTest.MailinatorTest.EmailTest">
    <skipped/>
  </testcase> <!-- amazonTestCase -->
  <testcase name="ExcelTestData2" classname="com.MailinatorTest.MailinatorTest.EmailTest">
    <skipped/>
  </testcase> <!-- ExcelTestData2 -->
  <testcase name="APITestData" classname="com.MailinatorTest.MailinatorTest.EmailTest">
    <skipped/>
  </testcase> <!-- APITestData -->
  <testcase name="ExcelTestData" classname="com.MailinatorTest.MailinatorTest.EmailTest">
    <skipped/>
  </testcase> <!-- ExcelTestData -->
</testsuite> <!-- com.MailinatorTest.MailinatorTest.EmailTest -->
